<?xml version="1.0" encoding="UTF-8"?>
<!-- Generated by org.testng.reporters.JUnitReportReporter -->
<testsuite hostname="MK" failures="0" tests="6" name="api.test.DDTests" time="23.940" errors="0" timestamp="2024-05-21T17:45:03 IST" skipped="0">
  <testcase classname="api.test.DDTests" name="testPostUser" time="3.618"/>
  <testcase classname="api.test.DDTests" name="testPostUser" time="5.441"/>
  <testcase classname="api.test.DDTests" name="testPostUser" time="4.201"/>
  <testcase classname="api.test.DDTests" name="testdeleteuserbyname" time="2.517"/>
  <testcase classname="api.test.DDTests" name="testdeleteuserbyname" time="4.228"/>
  <testcase classname="api.test.DDTests" name="testdeleteuserbyname" time="3.935"/>
</testsuite> <!-- api.test.DDTests -->
