<?xml version="1.0" encoding="UTF-8"?>
<!-- Generated by org.testng.reporters.JUnitReportReporter -->
<testsuite hostname="MK" failures="0" tests="4" name="api.test.UserTests" time="16.956" errors="0" timestamp="2024-05-22T14:07:30 IST" skipped="0">
  <testcase classname="api.test.UserTests" name="testPostUser" time="4.918"/>
  <testcase classname="api.test.UserTests" name="testGetuserByname" time="2.394"/>
  <testcase classname="api.test.UserTests" name="testUpdateUserByname" time="6.580"/>
  <testcase classname="api.test.UserTests" name="testDeleteUserByname" time="3.064"/>
</testsuite> <!-- api.test.UserTests -->
