<?xml version="1.0" encoding="UTF-8"?>
<!-- Generated by org.testng.reporters.JUnitReportReporter -->
<testsuite hostname="MK" failures="0" tests="4" name="api.test.UserTests" time="17.450" errors="0" timestamp="2024-05-22T15:05:25 IST" skipped="0">
  <testcase classname="api.test.UserTests" name="testPostUser" time="5.684"/>
  <testcase classname="api.test.UserTests" name="testGetuserByname" time="2.831"/>
  <testcase classname="api.test.UserTests" name="testUpdateUserByname" time="5.528"/>
  <testcase classname="api.test.UserTests" name="testDeleteUserByname" time="3.407"/>
</testsuite> <!-- api.test.UserTests -->
